Start auto log messages stack - Iteration 57.	[MsgId: MMSG-10545]
Starting action Action.	[MsgId: MMSG-15919]
Action.c(24): lrdb_open_connection:  "SQLDriverConnect", return-code=-1, native-error-code=2003, SQLState=S1000, SQLError=[MySQL][ODBC 3.51 Driver]Can't connect to MySQL server on '192.168.139.207' (10049)	[MsgId: MERR-61209]
Action.c(24): lrd_open_connection: ERROR, return-code=LRDE2009.  User="", Server="" 	[MsgId: MERR-61209]
End auto log messages stack.	[MsgId: MMSG-10544]


Start auto log messages stack - Iteration 71.	[MsgId: MMSG-10545]
Starting action Action.	[MsgId: MMSG-15919]
Action.c(24): Error: C interpreter run time error: Action.c (24):  Error -- memory violation : Exception ACCESS_VIOLATION received.	[MsgId: MERR-19890]
End auto log messages stack.	[MsgId: MMSG-10544]


Start auto log messages stack - Iteration 71.	[MsgId: MMSG-10545]
Action.c(24): Notify: CCI trace: Action.c(24): lrdfnc_open_connection(0x0313becc, 3, 0x02950521 "", 0x02950521 "", 0x02950521 "", 0x029504a6 "Driver={MySQL ODBC 3.51 Driver};Server=1...", 0x0313d540 "LCT", 1, 0, 0x0313c598 "LTG", 0x02950518 "Action.c", 24)
.	[MsgId: MMSG-19891]
Action.c(24): Notify: CCI trace: Compiled_code(0): Action()
.	[MsgId: MMSG-19891]
Ending Vuser...	[MsgId: MMSG-15966]
Starting action vuser_end.	[MsgId: MMSG-15919]
Ending action vuser_end.	[MsgId: MMSG-15918]
Vuser Terminated.	[MsgId: MMSG-15963]
lrdb_free_connection:  "SQLFreeConnect", return-code=-1, native-error-code=51180280, SQLState=, SQLError=Error information is not available.	[MsgId: MERR-61209]
lrd_free_connection: ERROR, return-code=LRDE2009 	[MsgId: MERR-61209]
Error: Function per-thread-terminate failed in extension lrd32.dll.	[MsgId: MERR-10483]
End auto log messages stack.	[MsgId: MMSG-10544]


